<?xml version="1.0" encoding="UTF-8"?>
<!-- Generated by org.testng.reporters.JUnitReportReporter -->
<testsuite hostname="ATMECSINLT-038" failures="0" tests="5" name="com.atmecs.ToolsninjaAutomation.DynamicXmlCreation.UpdateXml" time="22.057" errors="0" timestamp="06 Nov 2019 12:32:55 GMT" skipped="0">
  <testcase classname="com.atmecs.ToolsninjaAutomation.DynamicXmlCreation.UpdateXml" name="runTestFile" time="22.057"/>
  <testcase classname="com.atmecs.ToolsninjaAutomation.DynamicXmlCreation.UpdateXml" name="runTestFile" time="0.000"/>
  <testcase classname="com.atmecs.ToolsninjaAutomation.DynamicXmlCreation.UpdateXml" name="runTestFile" time="0.000"/>
  <testcase classname="com.atmecs.ToolsninjaAutomation.DynamicXmlCreation.UpdateXml" name="runTestFile" time="0.000"/>
  <testcase classname="com.atmecs.ToolsninjaAutomation.DynamicXmlCreation.UpdateXml" name="runTestFile" time="0.000"/>
</testsuite> <!-- com.atmecs.ToolsninjaAutomation.DynamicXmlCreation.UpdateXml -->
