<?xml version="1.0" encoding="UTF-8"?>
<!-- Generated by org.testng.reporters.JUnitReportReporter -->
<testsuite hostname="ATMECSINLT-038" failures="0" tests="5" name="com.atmecs.ToolsninjaAutomation.testScripts.InsightsValidation" time="9.489" errors="0" timestamp="06 Nov 2019 06:15:50 GMT" skipped="0">
  <testcase classname="com.atmecs.ToolsninjaAutomation.testScripts.InsightsValidation" name="anchorRedirection" time="8.487"/>
  <testcase classname="com.atmecs.ToolsninjaAutomation.testScripts.InsightsValidation" name="validateDate" time="0.169"/>
  <testcase classname="com.atmecs.ToolsninjaAutomation.testScripts.InsightsValidation" name="validateTitle" time="0.102"/>
  <testcase classname="com.atmecs.ToolsninjaAutomation.testScripts.InsightsValidation" name="validateBreadCrumb" time="0.155"/>
  <testcase classname="com.atmecs.ToolsninjaAutomation.testScripts.InsightsValidation" name="validateErrorMsg" time="0.576"/>
</testsuite> <!-- com.atmecs.ToolsninjaAutomation.testScripts.InsightsValidation -->
