<?xml version="1.0" encoding="UTF-8"?>
<!-- Generated by org.testng.reporters.JUnitReportReporter -->
<testsuite hostname="ATMECSINLT-038" failures="0" tests="14" name="com.atmecs.ToolsninjaAutomation.testScripts.ValidateAnchors" time="10.004" errors="0" timestamp="06 Nov 2019 06:16:19 GMT" skipped="0">
  <testcase classname="com.atmecs.ToolsninjaAutomation.testScripts.ValidateAnchors" name="moveToDigitalLife" time="4.460"/>
  <testcase classname="com.atmecs.ToolsninjaAutomation.testScripts.ValidateAnchors" name="isDigitalLifeAnchorPresent" time="0.078"/>
  <testcase classname="com.atmecs.ToolsninjaAutomation.testScripts.ValidateAnchors" name="isDigitalLifeAnchorPresent" time="0.086"/>
  <testcase classname="com.atmecs.ToolsninjaAutomation.testScripts.ValidateAnchors" name="isDigitalLifeAnchorPresent" time="0.000"/>
  <testcase classname="com.atmecs.ToolsninjaAutomation.testScripts.ValidateAnchors" name="isDigitalLifeAnchorPresent" time="0.101"/>
  <testcase classname="com.atmecs.ToolsninjaAutomation.testScripts.ValidateAnchors" name="isDigitalLifeAnchorPresent" time="0.079"/>
  <testcase classname="com.atmecs.ToolsninjaAutomation.testScripts.ValidateAnchors" name="isDigitalLifeAnchorPresent" time="0.140"/>
  <testcase classname="com.atmecs.ToolsninjaAutomation.testScripts.ValidateAnchors" name="moveToInfrastructure" time="4.417"/>
  <testcase classname="com.atmecs.ToolsninjaAutomation.testScripts.ValidateAnchors" name="isInfrastructureAnchorPresent" time="0.193"/>
  <testcase classname="com.atmecs.ToolsninjaAutomation.testScripts.ValidateAnchors" name="isInfrastructureAnchorPresent" time="0.093"/>
  <testcase classname="com.atmecs.ToolsninjaAutomation.testScripts.ValidateAnchors" name="isInfrastructureAnchorPresent" time="0.100"/>
  <testcase classname="com.atmecs.ToolsninjaAutomation.testScripts.ValidateAnchors" name="isInfrastructureAnchorPresent" time="0.120"/>
  <testcase classname="com.atmecs.ToolsninjaAutomation.testScripts.ValidateAnchors" name="isInfrastructureAnchorPresent" time="0.137"/>
  <testcase classname="com.atmecs.ToolsninjaAutomation.testScripts.ValidateAnchors" name="isInfrastructureAnchorPresent" time="0.000"/>
</testsuite> <!-- com.atmecs.ToolsninjaAutomation.testScripts.ValidateAnchors -->
