<?xml version="1.0" encoding="UTF-8"?>
<!-- Generated by org.testng.reporters.JUnitReportReporter -->
<testsuite hostname="ATMECSINLT-038" failures="0" tests="6" name="com.atmecs.ToolsninjaAutomation.dataProvider.TestDataProvider" time="0.056" errors="0" timestamp="03 Oct 2019 07:19:54 GMT" skipped="0">
  <testcase classname="com.atmecs.ToolsninjaAutomation.dataProvider.TestDataProvider" name="validatefooter" time="0.009"/>
  <testcase classname="com.atmecs.ToolsninjaAutomation.dataProvider.TestDataProvider" name="validatefooter" time="0.009"/>
  <testcase classname="com.atmecs.ToolsninjaAutomation.dataProvider.TestDataProvider" name="validatefooter" time="0.019"/>
  <testcase classname="com.atmecs.ToolsninjaAutomation.dataProvider.TestDataProvider" name="validatefooter" time="0.005"/>
  <testcase classname="com.atmecs.ToolsninjaAutomation.dataProvider.TestDataProvider" name="validatefooter" time="0.007"/>
  <testcase classname="com.atmecs.ToolsninjaAutomation.dataProvider.TestDataProvider" name="validatefooter" time="0.007"/>
</testsuite> <!-- com.atmecs.ToolsninjaAutomation.dataProvider.TestDataProvider -->
